{
  "RSpec": {
    "coverage": {
      "/Users/haru/Projects/week9/bank-test/spec/account_spec.rb": [
        1,
        null,
        1,
        2,
        2,
        2,
        2,
        null,
        1,
        1,
        1,
        null,
        null,
        1,
        1,
        1,
        null,
        null,
        1,
        0,
        0,
        null,
        null,
        null,
        null,
        null,
        null,
        null,
        null,
        null
      ],
      "/Users/haru/Projects/week9/bank-test/lib/account.rb": [
        1,
        1,
        null,
        1,
        1,
        5,
        5,
        null,
        null,
        1,
        3,
        3,
        3,
        3,
        3,
        null,
        null,
        1,
        1,
        1,
        1,
        1,
        1,
        null,
        null,
        1,
        0,
        null,
        null,
        1,
        1,
        4,
        null,
        null,
        1,
        4,
        2,
        null,
        2,
        null,
        null,
        null
      ],
      "/Users/haru/Projects/week9/bank-test/lib/statement.rb": [
        1,
        1,
        7,
        null,
        null,
        1,
        3,
        3,
        null,
        null,
        1,
        3,
        3,
        null,
        null,
        null,
        null
      ],
      "/Users/haru/Projects/week9/bank-test/spec/atm_spec.rb": [
        1,
        null,
        1,
        4,
        4,
        1,
        null,
        1,
        2,
        null,
        null,
        1,
        1,
        1,
        1,
        null,
        null,
        1,
        1,
        1,
        1,
        null,
        null,
        1,
        0,
        0,
        0,
        0,
        null,
        0,
        0,
        0,
        null,
        null,
        null,
        null
      ],
      "/Users/haru/Projects/week9/bank-test/lib/atm.rb": [
        1,
        null,
        1,
        1,
        3,
        null,
        null,
        1,
        3,
        3,
        3,
        null,
        1,
        1,
        1,
        null,
        1,
        1,
        1,
        null,
        0,
        null,
        null,
        null,
        1,
        1,
        2,
        null,
        null,
        1,
        0,
        null,
        null,
        null
      ],
      "/Users/haru/Projects/week9/bank-test/spec/statement_spec.rb": [
        1,
        null,
        1,
        3,
        2,
        2,
        3,
        null,
        1,
        1,
        null,
        null,
        1,
        1,
        null,
        null
      ]
    },
    "timestamp": 1579817946
  }
}
